<?xml version="1.0" encoding="UTF-8"?>
<!-- Generated by org.testng.reporters.JUnitReportReporter -->
<testsuite hostname="computer-PC" name="co.in.craftsvilla.testscripts.EdurekaNavigateToBlogs" tests="1" failures="0" timestamp="3 Sep 2019 13:34:04 GMT" time="193.733" errors="0">
  <testcase name="TC_02_NavigateToBlogsPage" time="193.733" classname="co.in.craftsvilla.testscripts.EdurekaNavigateToBlogs"/>
</testsuite> <!-- co.in.craftsvilla.testscripts.EdurekaNavigateToBlogs -->
