<?xml version="1.0" encoding="UTF-8"?>
<!-- Generated by org.testng.reporters.JUnitReportReporter -->
<testsuite hostname="computer-PC" name="co.in.craftsvilla.testscripts.LoginScripts" tests="1" failures="0" timestamp="3 Sep 2019 13:34:04 GMT" time="38.809" errors="0">
  <testcase name="TC_01_loginToEdureka" time="38.809" classname="co.in.craftsvilla.testscripts.LoginScripts"/>
</testsuite> <!-- co.in.craftsvilla.testscripts.LoginScripts -->
