<?xml version="1.0" encoding="UTF-8"?>
<!-- Generated by org.testng.reporters.JUnitReportReporter -->
<testsuite hostname="computer-PC" name="co.in.craftsvilla.testscripts.CaseStudy9" tests="1" failures="0" timestamp="3 Sep 2019 17:57:12 GMT" time="142.890" errors="0">
  <testcase name="TC1_TC2" time="142.890" classname="co.in.craftsvilla.testscripts.CaseStudy9"/>
</testsuite> <!-- co.in.craftsvilla.testscripts.CaseStudy9 -->
